<?xml version="1.0" encoding="UTF-8"?>
<!-- Generated by org.testng.reporters.JUnitXMLReporter -->
<testsuite hostname="Rahuls-MacBook-Pro.local" ignored="0" name="Regression" tests="1" failures="0" timestamp="23 Aug 2017 21:02:00 GMT" time="0.155" errors="0">
  <testcase name="@AfterClass endTest" time="0.0" classname="paymentPage.PaymentPage">
    <failure type="java.lang.NullPointerException">
      <![CDATA[java.lang.NullPointerException
	at paymentPage.PaymentPage.endTest(PaymentPage.java:28)
... Removed 25 stack frames]]>
    </failure>
  </testcase> <!-- @AfterClass endTest -->
  <testcase name="payment" time="0.034" classname="paymentPage.PaymentPage"/>
</testsuite> <!-- Regression -->
