<?xml version="1.0" encoding="UTF-8"?>
<!-- Generated by org.testng.reporters.JUnitXMLReporter -->
<testsuite hostname="Rahuls-MacBook-Pro.local" ignored="2" name="Regression1" tests="3" failures="0" timestamp="23 Aug 2017 23:15:31 GMT" time="0.394" errors="0">
  <testcase name="payment" time="0.037" classname="paymentPage.PaymentPage"/>
  <testcase name="TestLogin" time="0.241" classname="homePage.TC003_VerifyLoginMultipleInput"/>
  <testcase name="Login" time="0.002" classname="homePage.TC004_Testing"/>
  <testcase name="testLogin" time="0.0" classname="homePage.TC02_VerifyRegistration">
    <ignored/>
  </testcase> <!-- testLogin -->
  <testcase name="verifyLoginWithInvalidCredentials" time="0.0" classname="homePage.TC001_VerifyLoginWithInvalidCredentials">
    <ignored/>
  </testcase> <!-- verifyLoginWithInvalidCredentials -->
</testsuite> <!-- Regression1 -->
